This is pdfTeX, Version 3.14159265-2.6-1.40.16 (TeX Live 2015) (preloaded format=pdflatex 2015.5.24)  31 JAN 2018 13:54
entering extended mode
 restricted \write18 enabled.
 %&-line parsing enabled.
**Assignment1.tex
(./Assignment1.tex
LaTeX2e <2015/01/01>
Babel <3.9l> and hyphenation patterns for 79 languages loaded.
(/usr/local/texlive/2015/texmf-dist/tex/latex/base/article.cls
Document Class: article 2014/09/29 v1.4h Standard LaTeX document class
(/usr/local/texlive/2015/texmf-dist/tex/latex/base/size10.clo
File: size10.clo 2014/09/29 v1.4h Standard LaTeX file (size option)
)
\c@part=\count79
\c@section=\count80
\c@subsection=\count81
\c@subsubsection=\count82
\c@paragraph=\count83
\c@subparagraph=\count84
\c@figure=\count85
\c@table=\count86
\abovecaptionskip=\skip41
\belowcaptionskip=\skip42
\bibindent=\dimen102
)
(/usr/local/texlive/2015/texmf-dist/tex/latex/preprint/fullpage.sty
Package: fullpage 1999/02/23 1.1 (PWD)
\FP@margin=\skip43
)
(/usr/local/texlive/2015/texmf-dist/tex/generic/ulem/ulem.sty
\UL@box=\box26
\UL@hyphenbox=\box27
\UL@skip=\skip44
\UL@hook=\toks14
\UL@height=\dimen103
\UL@pe=\count87
\UL@pixel=\dimen104
\ULC@box=\box28
Package: ulem 2012/05/18
\ULdepth=\dimen105
)
(/usr/local/texlive/2015/texmf-dist/tex/latex/amsmath/amstext.sty
Package: amstext 2000/06/29 v2.01

(/usr/local/texlive/2015/texmf-dist/tex/latex/amsmath/amsgen.sty
File: amsgen.sty 1999/11/30 v2.0
\@emptytoks=\toks15
\ex@=\dimen106
))
(/usr/local/texlive/2015/texmf-dist/tex/latex/amsmath/amsmath.sty
Package: amsmath 2013/01/14 v2.14 AMS math features
\@mathmargin=\skip45

For additional information on amsmath, use the `?' option.
(/usr/local/texlive/2015/texmf-dist/tex/latex/amsmath/amsbsy.sty
Package: amsbsy 1999/11/29 v1.2d
\pmbraise@=\dimen107
)
(/usr/local/texlive/2015/texmf-dist/tex/latex/amsmath/amsopn.sty
Package: amsopn 1999/12/14 v2.01 operator names
)
\inf@bad=\count88
LaTeX Info: Redefining \frac on input line 210.
\uproot@=\count89
\leftroot@=\count90
LaTeX Info: Redefining \overline on input line 306.
\classnum@=\count91
\DOTSCASE@=\count92
LaTeX Info: Redefining \ldots on input line 378.
LaTeX Info: Redefining \dots on input line 381.
LaTeX Info: Redefining \cdots on input line 466.
\Mathstrutbox@=\box29
\strutbox@=\box30
\big@size=\dimen108
LaTeX Font Info:    Redeclaring font encoding OML on input line 566.
LaTeX Font Info:    Redeclaring font encoding OMS on input line 567.
\macc@depth=\count93
\c@MaxMatrixCols=\count94
\dotsspace@=\muskip10
\c@parentequation=\count95
\dspbrk@lvl=\count96
\tag@help=\toks16
\row@=\count97
\column@=\count98
\maxfields@=\count99
\andhelp@=\toks17
\eqnshift@=\dimen109
\alignsep@=\dimen110
\tagshift@=\dimen111
\tagwidth@=\dimen112
\totwidth@=\dimen113
\lineht@=\dimen114
\@envbody=\toks18
\multlinegap=\skip46
\multlinetaggap=\skip47
\mathdisplay@stack=\toks19
LaTeX Info: Redefining \[ on input line 2665.
LaTeX Info: Redefining \] on input line 2666.
)
(./Assignment1.aux)
\openout1 = `Assignment1.aux'.

LaTeX Font Info:    Checking defaults for OML/cmm/m/it on input line 9.
LaTeX Font Info:    ... okay on input line 9.
LaTeX Font Info:    Checking defaults for T1/cmr/m/n on input line 9.
LaTeX Font Info:    ... okay on input line 9.
LaTeX Font Info:    Checking defaults for OT1/cmr/m/n on input line 9.
LaTeX Font Info:    ... okay on input line 9.
LaTeX Font Info:    Checking defaults for OMS/cmsy/m/n on input line 9.
LaTeX Font Info:    ... okay on input line 9.
LaTeX Font Info:    Checking defaults for OMX/cmex/m/n on input line 9.
LaTeX Font Info:    ... okay on input line 9.
LaTeX Font Info:    Checking defaults for U/cmr/m/n on input line 9.
LaTeX Font Info:    ... okay on input line 9.

Underfull \hbox (badness 10000) in paragraph at lines 11--15

 []

LaTeX Font Info:    Try loading font information for OMS+cmr on input line 19.
(/usr/local/texlive/2015/texmf-dist/tex/latex/base/omscmr.fd
File: omscmr.fd 2014/09/29 v2.5h Standard LaTeX font definitions
)
LaTeX Font Info:    Font shape `OMS/cmr/m/n' in size <10> not available
(Font)              Font shape `OMS/cmsy/m/n' tried instead on input line 19.

Underfull \hbox (badness 10000) in paragraph at lines 70--71

 []

[1

{/usr/local/texlive/2015/texmf-var/fonts/map/pdftex/updmap/pdftex.map}]
Underfull \hbox (badness 10000) in paragraph at lines 73--96

 []


Underfull \hbox (badness 10000) in paragraph at lines 73--96

 []


Underfull \hbox (badness 10000) in paragraph at lines 101--109

 []


Underfull \hbox (badness 10000) in paragraph at lines 101--109

 []


Underfull \hbox (badness 10000) in paragraph at lines 110--124

 []


Underfull \hbox (badness 10000) in paragraph at lines 130--133

 []


Underfull \hbox (badness 10000) in paragraph at lines 130--133

 []

Missing character: There is no â in font cmr10!
Missing character: There is no € in font cmr10!
Missing character: There is no ™ in font cmr10!

Underfull \hbox (badness 10000) in paragraph at lines 138--169

 []


Underfull \hbox (badness 10000) in paragraph at lines 138--169

 []


Overfull \hbox (6.54141pt too wide) in paragraph at lines 138--169
| \OT1/cmr/m/n/12 ^^E[](\OML/cmm/m/it/12 ^^[[]\OT1/cmr/m/n/12 (\OML/cmm/m/it/12
 PrivUsers \OMS/cmsy/m/n/12 ^^B \OML/cmm/m/it/12 NonPrivUsers \OMS/cmsy/m/n/12 
^^B \OML/cmm/m/it/12 Message\OT1/cmr/m/n/12 ))$ 
 []


Underfull \hbox (badness 10000) in paragraph at lines 138--169

 []


Underfull \hbox (badness 10000) in paragraph at lines 138--169

 []

[2]
Underfull \hbox (badness 10000) in paragraph at lines 174--205

 []


Underfull \hbox (badness 10000) in paragraph at lines 174--205

 []


Underfull \hbox (badness 10000) in paragraph at lines 174--205

 []


Underfull \hbox (badness 10000) in paragraph at lines 174--205

 []


Underfull \hbox (badness 10000) in paragraph at lines 174--205

 []


Underfull \hbox (badness 10000) in paragraph at lines 174--205

 []

Missing character: There is no â in font cmr10!
Missing character: There is no € in font cmr10!
Missing character: There is no ™ in font cmr10!
Missing character: There is no â in font cmr10!
Missing character: There is no € in font cmr10!
Missing character: There is no ™ in font cmr10!
Missing character: There is no â in font cmr10!
Missing character: There is no € in font cmr10!
Missing character: There is no ™ in font cmr10!
Missing character: There is no â in font cmr10!
Missing character: There is no € in font cmr10!
Missing character: There is no ™ in font cmr10!
[3]
Underfull \hbox (badness 10000) in paragraph at lines 258--268

 []


Overfull \hbox (115.78462pt too wide) in paragraph at lines 271--314
\OML/cmm/m/it/12 Contact \OMS/cmsy/m/n/12 ^^@ \OT1/cmr/m/n/12 ^^E[]\OML/cmm/m/i
t/12 dMessage$ $AllButEarliest\OT1/cmr/m/n/12 (\OML/cmm/m/it/12 mID; from; to; 
content; time\OT1/cmr/m/n/12 ) := ^^E[][] 
 []


Overfull \hbox (45.03778pt too wide) in paragraph at lines 271--314
\OML/cmm/m/it/12 AllButEarliest$ $AllButLatest\OT1/cmr/m/n/12 (\OML/cmm/m/it/12
 mID; from; to; content; time\OT1/cmr/m/n/12 ) := ^^E[][] 
 []


Overfull \hbox (5.86949pt too wide) in paragraph at lines 271--314
\OML/cmm/m/it/12 ^^[[]^^Z[]dMessage \OMS/cmsy/m/n/12 ^^B \OML/cmm/m/it/12 ^^Z[]
dMessage$ $Latest\OT1/cmr/m/n/12 (\OML/cmm/m/it/12 mID; from; to; content; time
\OT1/cmr/m/n/12 ) :=
 []


Overfull \hbox (26.41545pt too wide) in paragraph at lines 271--314
\OML/cmm/m/it/12 dMessage \OMS/cmsy/m/n/12 ^^@ \OML/cmm/m/it/12 AllButLatest$ $
Earliest\OT1/cmr/m/n/12 &\OML/cmm/m/it/12 Latest\OT1/cmr/m/n/12 (\OML/cmm/m/it/
12 uID; uID; time; time\OT1/cmr/m/n/12 ) := ^^E[][] 
 []


Overfull \hbox (65.77644pt too wide) in paragraph at lines 271--314
\OML/cmm/m/it/12 ^^[[]^^Z[]Earliest \OMS/cmsy/m/n/12 ^^B \OML/cmm/m/it/12 ^^Z[]
Latest$ $Q\OT1/cmr/m/n/12 8(\OML/cmm/m/it/12 User; Contact; First; Last\OT1/cmr
/m/n/12 ) := \OML/cmm/m/it/12 Earliest\OT1/cmr/m/n/12 &\OML/cmm/m/it/12 Lastest
 \OMS/cmsy/m/n/12 \
 []


Underfull \hbox (badness 10000) in paragraph at lines 271--314

 []

[4]
Underfull \hbox (badness 10000) in paragraph at lines 318--352
$
 []


Underfull \hbox (badness 10000) in paragraph at lines 318--352

 []

[5] (./Assignment1.aux) ) 
Here is how much of TeX's memory you used:
 966 strings out of 493089
 10997 string characters out of 6134842
 71090 words of memory out of 5000000
 4490 multiletter control sequences out of 15000+600000
 11382 words of font info for 41 fonts, out of 8000000 for 9000
 1141 hyphenation exceptions out of 8191
 24i,9n,20p,446b,234s stack positions out of 5000i,500n,10000p,200000b,80000s
</usr/local/texlive/2015/texmf-dist/fonts/type1/public
/amsfonts/cm/cmbx12.pfb></usr/local/texlive/2015/texmf-dist/fonts/type1/public/
amsfonts/cm/cmcsc10.pfb></usr/local/texlive/2015/texmf-dist/fonts/type1/public/
amsfonts/cm/cmmi10.pfb></usr/local/texlive/2015/texmf-dist/fonts/type1/public/a
msfonts/cm/cmmi12.pfb></usr/local/texlive/2015/texmf-dist/fonts/type1/public/am
sfonts/cm/cmmi7.pfb></usr/local/texlive/2015/texmf-dist/fonts/type1/public/amsf
onts/cm/cmmi8.pfb></usr/local/texlive/2015/texmf-dist/fonts/type1/public/amsfon
ts/cm/cmr10.pfb></usr/local/texlive/2015/texmf-dist/fonts/type1/public/amsfonts
/cm/cmr12.pfb></usr/local/texlive/2015/texmf-dist/fonts/type1/public/amsfonts/c
m/cmr7.pfb></usr/local/texlive/2015/texmf-dist/fonts/type1/public/amsfonts/cm/c
mr8.pfb></usr/local/texlive/2015/texmf-dist/fonts/type1/public/amsfonts/cm/cmsy
10.pfb></usr/local/texlive/2015/texmf-dist/fonts/type1/public/amsfonts/cm/cmsy6
.pfb></usr/local/texlive/2015/texmf-dist/fonts/type1/public/amsfonts/cm/cmsy7.p
fb></usr/local/texlive/2015/texmf-dist/fonts/type1/public/amsfonts/cm/cmsy8.pfb
></usr/local/texlive/2015/texmf-dist/fonts/type1/public/amsfonts/cm/cmti10.pfb>
</usr/local/texlive/2015/texmf-dist/fonts/type1/public/amsfonts/cm/cmti12.pfb><
/usr/local/texlive/2015/texmf-dist/fonts/type1/public/amsfonts/cm/cmti8.pfb></u
sr/local/texlive/2015/texmf-dist/fonts/type1/public/amsfonts/cm/cmtt10.pfb>
Output written on Assignment1.pdf (5 pages, 213685 bytes).
PDF statistics:
 92 PDF objects out of 1000 (max. 8388607)
 66 compressed objects within 1 object stream
 0 named destinations out of 1000 (max. 500000)
 1 words of extra memory for PDF output out of 10000 (max. 10000000)

